[    0.000000] Initializing cgroup subsys cpuset
[    0.000000] Initializing cgoup subsys cpu
[    0.000000] Initializing cgroup subsys cpuacct
[    0.000000] Linux version 4.4.0-79-generic (buildd@lcy01-30) (gcc version 5.4.0 20160609 (Ubuntu 5.4.0-6ubuntu1~16.04.4) ) #100-Ubuntu SMP Wed May 17 19:58:14 UTC 2017 (Ubuntu 4.4.0-79.100-generic 4.4.67)
[    0.000000] Command line: BOOT_IMAGE=/boot/vmlinuz-4.4.0-79-generic root=LABEL=cloudimg-rootfs ro console=tty1 console=ttyS0
[    0.000000] KERNEL supported cpus:
[    0.000000]   Intel GenuineIntel
[    0.000000]   AMD AuthenticAMD
[    0.000000]   Centaur CentaurHauls
[    0.000000] x86/fpu: xstate_offset[2]:  576, xstate_sizes[2]:  256
[    0.000000] x86/fpu: Supporting XSAVE feature 0x01: 'x87 floating point registers'
[    0.000000] x86/fpu: Supporting XSAVE feature 0x02: 'SSE registers'
[    0.000000] x86/fpu: Supporting XSAVE feature 0x04: 'AVX registers'
[    0.000000] x86/fpu: Enabled xstate features 0x7, context size is 832 bytes, using 'standard' format.
[    0.000000] x86/fpu: Using 'lazy' FPU context switches.
[    0.000000] e820: BIOS-provided physical RAM map:
[    0.000000] BIOS-e820: [mem 0x0000000000000000-0x000000000009fbff] usable
[    0.000000] BIOS-e820: [mem 0x000000000009fc00-0x000000000009ffff] reserved
[    0.000000] BIOS-e820: [mem 0x00000000000f0000-0x00000000000fffff] reserved
[    0.000000] BIOS-e820: [mem 0x0000000000100000-0x000000003ffeffff] usable
[    0.000000] BIOS-e820: [mem 0x000000003fff0000-0x000000003fffffff] ACPI data
[    0.000000] BIOS-e820: [mem 0x00000000fec00000-0x00000000fec00fff] reserved
[    0.000000] BIOS-e820: [mem 0x00000000fee00000-0x00000000fee00fff] reserved
[    0.000000] BIOS-e820: [mem 0x00000000fffc0000-0x00000000ffffffff] reserved
[    0.000000] NX (Execute Disable) protection: active
[    0.000000] SMBIOS 2.5 present.
[    0.000000] Hypervisor detected: KVM
[    0.000000] e820: last_pfn = 0x3fff0 max_arch_pfn = 0x400000000
[    0.000000] MTRR: Disabled
[    0.000000] x86/PAT: MTRRs disabled, skipping PAT initialization too.
[    0.000000] x86/PAT: Configuration [0-7]: WB  WT  UC- UC  WB  WT  UC- UC  
[    0.000000] CPU MTRRs all blank - virtualized system.
[    0.000000] found SMP MP-table at [mem 0x0009fff0-0x0009ffff] mapped at [ffff88000009fff0]
[    0.000000] Scanning 1 areas for low memory corruption
[    0.000000] RAMDISK: [mem 0x36af6000-0x37572fff]
[    0.000000] ACPI: Early table checksum verification disabled
[    0.000000] ACPI: RSDP 0x00000000000E0000 000024 (v02 VBOX  )
[    0.000000] ACPI: XSDT 0x000000003FFF0030 00003C (v01 VBOX   VBOXXSDT 00000001 ASL  00000061)
[    0.000000] ACPI: FACP 0x000000003FFF00F0 0000F4 (v04 VBOX   VBOXFACP 00000001 ASL  00000061)
[    0.000000] ACPI: DSDT 0x000000003FFF0470 0021C8 (v02 VBOX   VBOXBIOS 00000002 INTL 20160831)
[    0.000000] ACPI: FACS 0x000000003FFF0200 000040
[    0.000000] ACPI: FACS 0x000000003FFF0200 000040
[    0.000000] ACPI: APIC 0x000000003FFF0240 00005C (v02 VBOX   VBOXAPIC 00000001 ASL  00000061)
[    0.000000] ACPI: SSDT 0x000000003FFF02A0 0001CC (v01 VBOX   VBOXCPUT 00000002 INTL 20160831)
[    0.000000] No NUMA configuration found
[    0.000000] Faking a node at [mem 0x0000000000000000-0x000000003ffeffff]
[    0.000000] NODE_DATA(0) allocated [mem 0x3ffeb000-0x3ffeffff]
[    0.000000] kvm-clock: Using msrs 4b564d01 and 4b564d00
[    0.000000] kvm-clock: cpu 0, msr 0:3ffe3001, primary cpu clock
[    0.000000] kvm-clock: using sched offset of 2953075976 cycles
[    0.000000] clocksource: kvm-clock: mask: 0xffffffffffffffff max_cycles: 0x1cd42e4dffb, max_idle_ns: 881590591483 ns
[    0.000000] Zone ranges:
[    0.000000]   DMA      [mem 0x0000000000001000-0x0000000000ffffff]
[    0.000000]   DMA32    [mem 0x0000000001000000-0x000000003ffeffff]
[    0.000000]   Normal   empty
[    0.000000]   Device   empty
[    0.000000] Movable zone start for each node
[    0.000000] Early memory node ranges
[    0.000000]   node   0: [mem 0x0000000000001000-0x000000000009efff]
[    0.000000]   node   0: [mem 0x0000000000100000-0x000000003ffeffff]
[    0.000000] Initmem setup node 0 [mem 0x0000000000001000-0x000000003ffeffff]
[    0.000000] ACPI: PM-Timer IO Port: 0x4008
[    0.000000] IOAPIC[0]: apic_id 2, version 32, address 0xfec00000, GSI 0-23
[    0.000000] ACPI: INT_SRC_OVR (bus 0 bus_irq 0 global_irq 2 dfl dfl)
[    0.000000] ACPI: INT_SRC_OVR (bus 0 bus_irq 9 global_irq 9 high level)
[    0.000000] Using ACPI (MADT) for SMP configuration information
[    0.000000] smpboot: Allowing 2 CPUs, 0 hotplug CPUs
[    0.000000] PM: Registered nosave memory: [mem 0x00000000-0x00000fff]
[    0.000000] PM: Registered nosave memory: [mem 0x0009f000-0x0009ffff]
[    0.000000] PM: Registered nosave memory: [mem 0x000a0000-0x000effff]
[    0.000000] PM: Registered nosave memory: [mem 0x000f0000-0x000fffff]
[    0.000000] e820: [mem 0x40000000-0xfebfffff] available for PCI devices
[    0.000000] Booting paravirtualized kernel on KVM
[    0.000000] clocksource: refined-jiffies: mask: 0xffffffff max_cycles: 0xffffffff, max_idle_ns: 7645519600211568 ns
[    0.000000] setup_percpu: NR_CPUS:512 nr_cpumask_bits:512 nr_cpu_ids:2 nr_node_ids:1
[    0.000000] PERCPU: Embedded 33 pages/cpu @ffff88003fc00000 s98264 r8192 d28712 u1048576
[    0.000000] PV qspinlock hash table entries: 256 (order: 0, 4096 bytes)
[    0.000000] Built 1 zonelists in Node order, mobility grouping on.  Total pages: 257913
[    0.000000] Policy zone: DMA32
[    0.000000] Kernel command line: BOOT_IMAGE=/boot/vmlinuz-4.4.0-79-generic root=LABEL=cloudimg-rootfs ro console=tty1 console=ttyS0
[    0.000000] PID hash table entries: 4096 (order: 3, 32768 bytes)
[    0.000000] Memory: 1001840K/1048120K available (8469K kernel code, 1294K rwdata, 3984K rodata, 1484K init, 1316K bss, 46280K reserved, 0K cma-reserved)
[    0.000000] SLUB: HWalign=64, Order=0-3, MinObjects=0, CPUs=2, Nodes=1
[    0.000000] Hierarchical RCU implementation.
[    0.000000] 	Build-time adjustment of leaf fanout to 64.
[    0.000000] 	RCU restricting CPUs from NR_CPUS=512 to nr_cpu_ids=2.
[    0.000000] RCU: Adjusting geometry for rcu_fanout_leaf=64, nr_cpu_ids=2
[    0.000000] NR_IRQS:33024 nr_irqs:440 16
[    0.000000] Console: colour VGA+ 80x25
[    0.000000] console [tty1] enabled
[    0.000000] console [ttyS0] enabled
[    0.000000] tsc: Detected 3092.836 MHz processor
[    3.300874] Calibrating delay loop (skipped) preset value.. 6185.67 BogoMIPS (lpj=12371344)
[    3.302011] pid_max: default: 32768 minimum: 301
[    3.302617] ACPI: Core revision 20150930
[    3.368650] ACPI: 2 ACPI AML tables successfully acquired and loaded
[    3.473131] Security Framework initialized
[    3.509875] Yama: becoming mindful.
[    3.544547] AppArmor: AppArmor initialized
[    3.568443] Dentry cache hash table entries: 131072 (order: 8, 1048576 bytes)
[    3.569400] Inode-cache hash table entries: 65536 (order: 7, 524288 bytes)
[    3.570625] Mount-cache hash table entries: 2048 (order: 2, 16384 bytes)
[    3.571416] Mountpoint-cache hash table entries: 2048 (order: 2, 16384 bytes)
[    3.572389] Initializing cgroup subsys io
[    3.572949] Initializing cgroup subsys memory
[    3.573533] Initializing cgroup subsys devices
[    3.574142] Initializing cgroup subsys freezer
[    3.574730] Initializing cgroup subsys net_cls
[    3.575319] Initializing cgroup subsys perf_event
[    3.575942] Initializing cgroup subsys net_prio
[    3.576565] Initializing cgroup subsys hugetlb
[    3.577153] Initializing cgroup subsys pids
[    3.577780] CPU: Physical Processor ID: 0
[    3.578332] CPU: Processor Core ID: 0
[    3.579658] mce: CPU supports 0 MCE banks
[    3.580228] Last level iTLB entries: 4KB 1024, 2MB 1024, 4MB 1024
[    3.580960] Last level dTLB entries: 4KB 1024, 2MB 1024, 4MB 1024, 1GB 4
[    3.583220] Freeing SMP alternatives memory: 32K (ffffffff820b8000 - ffffffff820c0000)
[    3.638827] ftrace: allocating 32127 entries in 126 pages
[    3.759105] smpboot: APIC(0) Converting physical 0 to logical package 0
[    3.898529] smpboot: Max logical packages: 1
[    3.981712] x2apic enabled
[    4.036624] Switched APIC routing to physical x2apic.
[    4.088153] ..TIMER: vector=0x30 apic1=0 pin1=2 apic2=-1 pin2=-1
[    4.216034] smpboot: CPU0: Intel(R) Core(TM) i5-4440 CPU @ 3.10GHz (family: 0x6, model: 0x3c, stepping: 0x3)
[    4.236872] Performance Events: unsupported p6 CPU model 60 no PMU driver, software events only.
[    4.238108] KVM setup paravirtual spinlock
[    4.239239] x86: Booting SMP configuration:
[    4.239836] .... node  #0, CPUs:      #1
[    4.240444] kvm-clock: cpu 1, msr 0:3ffe3041, secondary cpu clock
[    4.242024] mce: CPU supports 0 MCE banks
[    4.244490] x86: Booted up 1 node, 2 CPUs
[    4.246263] smpboot: Total of 2 processors activated (12371.34 BogoMIPS)
[    4.247303] devtmpfs: initialized
[    4.248979] evm: security.selinux
[    4.249473] evm: security.SMACK64
[    4.249984] evm: security.SMACK64EXEC
[    4.250501] evm: security.SMACK64TRANSMUTE
[    4.251057] evm: security.SMACK64MMAP
[    4.251574] evm: security.ima
[    4.252043] evm: security.capability
[    4.253749] clocksource: jiffies: mask: 0xffffffff max_cycles: 0xffffffff, max_idle_ns: 7645041785100000 ns
[    4.254991] futex hash table entries: 512 (order: 3, 32768 bytes)
[    4.255816] pinctrl core: initialized pinctrl subsystem
[    4.256576] RTC time: 11:19:09, date: 06/20/17
[    4.257644] NET: Registered protocol family 16
[    4.267842] cpuidle: using governor ladder
[    4.323596] cpuidle: using governor menu
[    4.357947] PCCT header not found.
[    4.397419] ACPI: bus type PCI registered
[    4.433866] acpiphp: ACPI Hot Plug PCI Controller Driver version: 0.5
[    4.434708] PCI: Using configuration type 1 for base access
[    4.452316] ACPI: Added _OSI(Module Device)
[    4.456340] ACPI: Added _OSI(Processor Device)
[    4.494798] ACPI: Added _OSI(3.0 _SCP Extensions)
[    4.518175] ACPI: Added _OSI(Processor Aggregator Device)
[    4.538478] ACPI: Executed 1 blocks of module-level executable AML code
[    4.540978] ACPI: Interpreter enabled
[    4.545514] ACPI: (supports S0 S5)
[    4.546029] ACPI: Using IOAPIC for interrupt routing
[    4.546806] PCI: Using host bridge windows from ACPI; if necessary, use "pci=nocrs" and report a bug
[    4.569020] ACPI: PCI Root Bridge [PCI0] (domain 0000 [bus 00-ff])
[    4.580369] acpi PNP0A03:00: _OSC: OS supports [ASPM ClockPM Segments MSI]
[    4.582249] acpi PNP0A03:00: _OSC failed (AE_NOT_FOUND); disabling ASPM
[    4.583039] acpi PNP0A03:00: fail to add MMCONFIG information, can't access extended PCI configuration space under this bridge.
[    4.584616] PCI host bridge to bus 0000:00
[    4.586236] pci_bus 0000:00: root bus resource [io  0x0000-0x0cf7 window]
[    4.587024] pci_bus 0000:00: root bus resource [io  0x0d00-0xffff window]
[    4.587821] pci_bus 0000:00: root bus resource [mem 0x000a0000-0x000bffff window]
[    4.588884] pci_bus 0000:00: root bus resource [mem 0x40000000-0xffdfffff window]
[    4.589913] pci_bus 0000:00: root bus resource [bus 00-ff]
[    4.591624] pci 0000:00:01.1: legacy IDE quirk: reg 0x10: [io  0x01f0-0x01f7]
[    4.593533] pci 0000:00:01.1: legacy IDE quirk: reg 0x14: [io  0x03f6]
[    4.596571] pci 0000:00:01.1: legacy IDE quirk: reg 0x18: [io  0x0170-0x0177]
[    4.598469] pci 0000:00:01.1: legacy IDE quirk: reg 0x1c: [io  0x0376]
[    4.610540] pci 0000:00:07.0: quirk: [io  0x4000-0x403f] claimed by PIIX4 ACPI
[    4.616808] pci 0000:00:07.0: quirk: [io  0x4100-0x410f] claimed by PIIX4 SMB
[    4.624996] ACPI: PCI Interrupt Link [LNKA] (IRQs 5 9 10 *11)
[    4.697710] ACPI: PCI Interrupt Link [LNKB] (IRQs 5 9 10 *11)
[    4.764447] ACPI: PCI Interrupt Link [LNKC] (IRQs 5 9 *10 11)
[    4.825302] ACPI: PCI Interrupt Link [LNKD] (IRQs 5 *9 10 11)
[    4.874904] ACPI: Enabled 2 GPEs in block 00 to 07
[    4.876921] vgaarb: setting as boot device: PCI:0000:00:02.0
[    4.884539] vgaarb: device added: PCI:0000:00:02.0,decodes=io+mem,owns=io+mem,locks=none
[    4.885646] vgaarb: loaded
[    4.905051] vgaarb: bridge control possible 0000:00:02.0
[    4.922826] SCSI subsystem initialized
[    4.923457] ACPI: bus type USB registered
[    4.924050] usbcore: registered new interface driver usbfs
[    4.924759] usbcore: registered new interface driver hub
[    4.925448] usbcore: registered new device driver usb
[    4.926233] PCI: Using ACPI for IRQ routing
[    4.927015] NetLabel: Initializing
[    4.927516] NetLabel:  domain hash size = 128
[    4.928097] NetLabel:  protocols = UNLABELED CIPSOv4
[    4.928752] NetLabel:  unlabeled traffic allowed by default
[    4.930666] amd_nb: Cannot enumerate AMD northbridges
[    4.936632] clocksource: Switched to clocksource kvm-clock
[    4.942682] AppArmor: AppArmor Filesystem Enabled
[    4.948687] pnp: PnP ACPI init
[    4.949729] pnp: PnP ACPI: found 3 devices
[    4.957769] clocksource: acpi_pm: mask: 0xffffff max_cycles: 0xffffff, max_idle_ns: 2085701024 ns
[    4.965390] NET: Registered protocol family 2
[    4.966102] TCP established hash table entries: 8192 (order: 4, 65536 bytes)
[    4.969472] TCP bind hash table entries: 8192 (order: 5, 131072 bytes)
[    4.970281] TCP: Hash tables configured (established 8192 bind 8192)
[    4.971051] UDP hash table entries: 512 (order: 2, 16384 bytes)
[    4.971768] UDP-Lite hash table entries: 512 (order: 2, 16384 bytes)
[    4.972558] NET: Registered protocol family 1
[    4.973165] pci 0000:00:00.0: Limiting direct PCI/PCI transfers
[    4.973893] pci 0000:00:01.0: Activating ISA DMA hang workarounds
[    4.975072] Unpacking initramfs...
[    6.415654] Freeing initrd memory: 10740K (ffff880036af6000 - ffff880037573000)
[    6.461614] RAPL PMU detected, API unit is 2^-32 Joules, 4 fixed counters 10737418240 ms ovfl timer
[    6.462766] hw unit of domain pp0-core 2^-0 Joules
[    6.463383] hw unit of domain package 2^-0 Joules
[    6.463991] hw unit of domain dram 2^-0 Joules
[    6.464587] hw unit of domain pp1-gpu 2^-0 Joules
[    6.465315] platform rtc_cmos: registered platform RTC device (no PNP device found)
[    6.466392] Scanning for low memory corruption every 60 seconds
[    6.467397] audit: initializing netlink subsys (disabled)
[    6.468097] audit: type=2000 audit(1497957551.670:1): initialized
[    6.469065] Initialise system trusted keyring
[    6.469777] HugeTLB registered 2 MB page size, pre-allocated 0 pages
[    6.471603] zbud: loaded
[    6.472204] VFS: Disk quotas dquot_6.6.0
[    6.472789] VFS: Dquot-cache hash table entries: 512 (order 0, 4096 bytes)
[    6.473790] squashfs: version 4.0 (2009/01/31) Phillip Lougher
[    6.474708] fuse init (API version 7.23)
[    6.475351] Key type big_key registered
[    6.475901] Allocating IMA MOK and blacklist keyrings.
[    6.477142] Key type asymmetric registered
[    6.477708] Asymmetric key parser 'x509' registered
[    6.478364] Block layer SCSI generic (bsg) driver version 0.4 loaded (major 249)
[    6.479420] io scheduler noop registered
[    6.479987] io scheduler deadline registered (default)
[    6.481755] io scheduler cfq registered
[    6.482389] pci_hotplug: PCI Hot Plug PCI Core version: 0.5
[    6.483080] pciehp: PCI Express Hot Plug Controller Driver version: 0.4
[    6.483947] ACPI: AC Adapter [AC] (on-line)
[    6.484568] input: Power Button as /devices/LNXSYSTM:00/LNXPWRBN:00/input/input0
[    6.485645] ACPI: Power Button [PWRF]
[    6.486212] input: Sleep Button as /devices/LNXSYSTM:00/LNXSLPBN:00/input/input1
[    6.487216] ACPI: Sleep Button [SLPF]
[    6.487859] GHES: HEST is not enabled!
[    6.488492] Serial: 8250/16550 driver, 32 ports, IRQ sharing enabled
[    6.510536] 00:02: ttyS0 at I/O 0x3f8 (irq = 4, base_baud = 115200) is a 16550A
[    6.522905] Linux agpgart interface v0.103
[    6.524709] loop: module loaded
[    6.529573] scsi host0: ata_piix
[    6.530147] scsi host1: ata_piix
[    6.530660] ata1: PATA max UDMA/33 cmd 0x1f0 ctl 0x3f6 bmdma 0xd000 irq 14
[    6.531458] ata2: PATA max UDMA/33 cmd 0x170 ctl 0x376 bmdma 0xd008 irq 15
[    6.532344] libphy: Fixed MDIO Bus: probed
[    6.533983] tun: Universal TUN/TAP device driver, 1.6
[    6.537239] tun: (C) 1999-2004 Max Krasnyansky <maxk@qualcomm.com>
[    6.594170] PPP generic driver version 2.4.2
[    6.605340] ehci_hcd: USB 2.0 'Enhanced' Host Controller (EHCI) Driver
[    6.606117] ehci-pci: EHCI PCI platform driver
[    6.606717] ehci-platform: EHCI generic platform driver
[    6.607398] ohci_hcd: USB 1.1 'Open' Host Controller (OHCI) Driver
[    6.608149] ohci-pci: OHCI PCI platform driver
[    6.608774] ohci-platform: OHCI generic platform driver
[    6.609436] uhci_hcd: USB Universal Host Controller Interface driver
[    6.610253] i8042: PNP: PS/2 Controller [PNP0303:PS2K,PNP0f03:PS2M] at 0x60,0x64 irq 1,12
[    6.611694] serio: i8042 KBD port at 0x60,0x64 irq 1
[    6.612336] serio: i8042 AUX port at 0x60,0x64 irq 12
[    6.619943] mousedev: PS/2 mouse device common for all mice
[    6.645822] input: AT Translated Set 2 keyboard as /devices/platform/i8042/serio0/input/input2
[    6.654884] rtc_cmos rtc_cmos: rtc core: registered rtc_cmos as rtc0
[    6.670824] rtc_cmos rtc_cmos: alarms up to nn  day, 114 bytes nvram
[    6.880044] i2c /dev entries driver
[    6.959984] device-mapper: uevent: version 1.0.3
[    6.980184] device-mapper: ioctl: 4.34.0-ioctl (2015-10-28) initialised: dm-devel@redhat.com
[    6.981367] ledtrig-cpu: registered to indicate activity on CPUs
[    6.982761] NET: Registered protocol family 10
[    6.983530] NET: Registered protocol family 17
[    6.984158] Key type dns_resolver registered
[    6.984908] microcode: CPU0 sig=0x306c3, pf=0x40, revision=0x0
[    6.985666] microcode: CPU1 sig=0x306c3, pf=0x40, revision=0x0
[    6.986447] microcode: Microcode Update Driver: v2.01 <tigran@aivazian.fsnet.co.uk>, Peter Oruba
[    6.987671] registered taskstats version 1
[    6.988267] Loading compiled-in X.509 certificates
[    6.989497] Loaded X.509 cert 'Build time autogenerated kernel key: 761c03361fb5ffec61c19dca354b3d4126495503'
[    6.990757] zswap: loaded using pool lzo/zbud
[    6.992826] Key type trusted registered
[    6.995731] Key type encrypted registered
[    6.996351] AppArmor: AppArmor sha1 policy hashing enabled
[    6.997075] ima: No TPM chip found, activating TPM-bypass!
[    6.997779] evm: HMAC attrs: 0x1
[    6.998527]   Magic number: 5:938:327
[    7.052697] rtc_cmos rtc_cmos: setting system clock to 2017-06-20 11:19:12 UTC (1497957552)
[    7.280151] BIOS EDD facility v0.16 2004-Jun-25, 0 devices found
[    7.454645] EDD information not available.
[    7.571808] tsc: Refined TSC clocksource calibration: 3091.676 MHz
[    7.745121] clocksource: tsc: mask: 0xffffffffffffffff max_cycles: 0x2c909081c0e, max_idle_ns: 440795261327 ns
[    7.980762] Freeing unused kernel memory: 1484K (ffffffff81f45000 - ffffffff820b8000)
[    7.982166] Write protecting the kernel read-only data: 14336k
[    7.983599] Freeing unused kernel memory: 1760K (ffff880001848000 - ffff880001a00000)
[    7.985270] Freeing unused kernel memory: 112K (ffff880001de4000 - ffff880001e00000)
Loading, please wait...
[    7.995734] random: systemd-udevd: uninitialized urandom read (16 bytes read, 3 bits of entropy available)
starting version[    7.996301] random: udevadm: uninitialized urandom read (16 bytes read, 3 bits of entropy available)
 229
[    7.996329] random: udevadm: uninitialized urandom read (16 bytes read, 3 bits of entropy available)
[    7.996418] random: udevadm: uninitialized urandom read (16 bytes read, 3 bits of entropy available)
[    7.996451] random: udevadm: uninitialized urandom read (16 bytes read, 3 bits of entropy available)
[    7.996480] random: udevadm: uninitialized urandom read (16 bytes read, 3 bits of entropy available)
[    7.996513] random: udevadm: uninitialized urandom read (16 bytes read, 3 bits of entropy available)
[    7.996542] random: udevadm: uninitialized urandom read (16 bytes read, 3 bits of entropy available)
[    7.996569] random: udevadm: uninitialized urandom read (16 bytes read, 3 bits of entropy available)
[    7.996598] random: udevadm: uninitialized urandom read (16 bytes read, 3 bits of entropy available)
[    8.116184] e1000: Intel(R) PRO/1000 Network Driver - version 7.3.21-k8-NAPI
[    8.117369] e1000: Copyright (c) 1999-2006 Intel Corporation.
[    8.120998] Fusion MPT base driver 3.04.20
[    8.121761] Copyright (c) 1999-2008 LSI Corporation
[    8.132628] Fusion MPT SPI Host driver 3.04.20
[    8.140412] AVX version of gcm_enc/dec engaged.
[    8.204376] AES CTR mode by8 optimization enabled
[    8.331362] input: ImExPS/2 Generic Explorer Mouse as /devices/platform/i8042/serio1/input/input4
[    8.527563] e1000 0000:00:03.0 eth0: (PCI:33MHz:32-bit) 02:1f:97:0f:e2:73
[    8.528659] e1000 0000:00:03.0 eth0: Intel(R) PRO/1000 Network Connection
[    8.530350] mptbase: ioc0: Initiating bringup
[    8.592838] ioc0: LSI53C1030 A0: Capabilities={Initiator}
[    8.754090] scsi host2: ioc0: LSI53C1030 A0, FwRev=00000000h, Ports=1, MaxQ=256, IRQ=20
[    8.865690] scsi 2:0:0:0: Direct-Access     VBOX     HARDDISK         1.0  PQ: 0 ANSI: 5
[    8.894868] scsi target2:0:0: Beginning Domain Validation
[    8.896410] scsi target2:0:0: Domain Validation skipping write tests
[    8.907584] scsi target2:0:0: Ending Domain Validation
[    8.910540] scsi target2:0:0: asynchronous
[    8.912800] scsi 2:0:1:0: Direct-Access     VBOX     HARDDISK         1.0  PQ: 0 ANSI: 5
[    8.915083] scsi target2:0:1: Beginning Domain Validation
[    8.922949] scsi target2:0:1: Domain Validation skipping write tests
[    8.923818] scsi target2:0:1: Ending Domain Validation
[    8.924589] scsi target2:0:1: asynchronous
[    8.937298] sd 2:0:0:0: Attached scsi generic sg0 type 0
[    8.939505] sd 2:0:1:0: Attached scsi generic sg1 type 0
[    8.941584] sd 2:0:1:0: [sdb] 20480 512-byte logical blocks: (10.5 MB/10.0 MiB)
[    8.942750] sd 2:0:0:0: [sda] 20971520 512-byte logical blocks: (10.7 GB/10.0 GiB)
[    8.944117] sd 2:0:1:0: [sdb] Write Protect is off
[    8.944927] sd 2:0:0:0: [sda] Write Protect is off
[    8.945685] sd 2:0:1:0: [sdb] Incomplete mode parameter data
[    8.946499] sd 2:0:1:0: [sdb] Assuming drive cache: write through
[    8.947411] sd 2:0:0:0: [sda] Incomplete mode parameter data
[    8.948232] sd 2:0:0:0: [sda] Assuming drive cache: write through
[    8.956961]  sda: sda1
[    8.959245] sd 2:0:1:0: [sdb] Attached SCSI disk
[    8.961134] sd 2:0:0:0: [sda] Attached SCSI disk
[    9.203559] e1000 0000:00:08.0 eth1: (PCI:33MHz:32-bit) 08:00:27:c7:11:7e
[    9.204727] e1000 0000:00:08.0 eth1: Intel(R) PRO/1000 Network Connection
[    9.206393] e1000 0000:00:03.0 enp0s3: renamed from eth0
[    9.288874] e1000 0000:00:08.0 enp0s8: renamed from eth1
[   11.228809] floppy0: no floppy controllers found
Begin: Loading e[   12.637944] md: linear personality registered for level -1
ssential drivers[   12.794572] md: multipath personality registered for level -4
 ... [   12.962945] md: raid0 personality registered for level 0
[   13.062729] md: raid1 personality registered for level 1
[   13.268672] raid6: sse2x1   gen() 10382 MB/s
[   13.456668] raid6: sse2x1   xor()  8105 MB/s
[   13.644673] raid6: sse2x2   gen() 13300 MB/s
[   13.828663] raid6: sse2x2   xor()  8833 MB/s
[   14.012665] raid6: sse2x4   gen() 15335 MB/s
[   14.152673] raid6: sse2x4   xor() 10215 MB/s
[   14.187308] raid6: using algorithm sse2x4 gen() 15335 MB/s
[   14.194304] raid6: .... xor() 10215 MB/s, rmw enabled
[   14.194943] raid6: using ssse3x2 recovery algorithm
[   14.196773] xor: automatically using best checksumming function:
[   14.241193]    avx       : 23565.000 MB/sec
[   14.242953] async_tx: api initialized (async)
[   14.255595] md: raid6 personality registered for level 6
[   14.287833] md: raid5 personality registered for level 5
[   14.288507] md: raid4 personality registered for level 4
[   14.296865] md: raid10 personality registered for level 10
done.
Begin: Running /scripts/init-premount ... done.
Begin: Mounting root file system ... Begin: Running /scripts/local-top ... done.[   14.323509] Btrfs loaded

Begin: Running /scripts/local-premount ... Scanning for Btrfs filesystems
don[   14.348686] EXT4-fs (sda1): mounted filesystem with ordered data mode. Opts: (null)
e.
Warning: fsck not present, so skipping root file system
done.
Begin: Running /scripts/local-bottom ... done.
Begin: Running /scripts/init-bottom ... done.
[   14.451888] systemd[1]: systemd 229 running in system mode. (+PAM +AUDIT +SELINUX +IMA +APPARMOR +SMACK +SYSVINIT +UTMP +LIBCRYPTSETUP +GCRYPT +GNUTLS +ACL +XZ -LZ4 +SECCOMP +BLKID +ELFUTILS +KMOD -IDN)
[   14.454866] systemd[1]: Detected virtualization oracle.
[   14.455759] systemd[1]: Detected architecture x86-64.

Welcome to [1mUbuntu 16.04.2 LTS[0m!

[   14.485309] systemd[1]: Set hostname to <ubuntu-xenial>.
[   14.594326] systemd[1]: Listening on Syslog Socket.
[[0;32m  OK  [0m] Listening on Syslog Socket.
[   14.614132] systemd[1]: Listening on Journal Socket.
[[0;32m  OK  [0m] Listening on Journal Socket.
[   14.632813] systemd[1]: Listening on Journal Socket (/dev/log).
[[0;32m  OK  [0m] Listening on Journal Socket (/dev/log).
[   14.676823] systemd[1]: Started Forward Password Requests to Wall Directory Watch.
[[0;32m  OK  [0m] Started Forward Password Requests to Wall Directory Watch.
[   14.724987] systemd[1]: Created slice User and Session Slice.
[[0;32m  OK  [0m] Created slice User and Session Slice.
[   14.776798] systemd[1]: Reached target Encrypted Volumes.
[[0;32m  OK  [0m] Reached target Encrypted Volumes.
[   14.816828] systemd[1]: Set up automount Arbitrary Executable File Formats File System Automount Point.
[[0;32m  OK  [0m] Set up automount Arbitrary Executab...ats File System Automount Point.
[   14.880843] systemd[1]: Listening on Journal Audit Socket.
[[0;32m  OK  [0m] Listening on Journal Audit Socket.
[   15.148845] systemd[1]: Reached target User and Group Name Lookups.
[[0;32m  OK  [0m] Reached target User and Group Name Lookups.
[   15.525709] systemd[1]: Reached target Swap.
[[0;32m  OK  [0m] Reached target Swap.
[   15.529149] systemd[1]: Listening on udev Control Socket.
[[0;32m  OK  [0m] Listening on udev Control Socket.
[   15.532759] systemd[1]: Listening on /dev/initctl Compatibility Named Pipe.
[[0;32m  OK  [0m] Listening on /dev/initctl Compatibility Named Pipe.
[   15.536543] systemd[1]: Started Trigger resolvconf update for networkd DNS.
[[0;32m  OK  [0m] Started Trigger resolvconf update for networkd DNS.
[   15.553309] systemd[1]: Listening on LVM2 poll daemon socket.
[[0;32m  OK  [0m] Listening on LVM2 poll daemon socket.
[   15.557389] systemd[1]: Listennn  on LVM2 metadata daemon socket.
[[0;32m  OK  [0m] Listening on LVM2 metadata daemon socket.
[   16.164791] systemd[1]: Listening on udev Kernel Socket.
[[0;32m  OK  [0m] Listening on udev Kernel Socket.
[   16.221357] systemd[1]: Crettddssiice System Slice.
[[0;32m  OK  [0m] Created slice System Slice.
[   16.652763] systedd11]: Mounting RPC Pipe File System...
         Mountin[   17.077557] RPC: Registered named UNIX socket transport module.
g RPC Pipe File [   17.256967] RPC: Registered udp transport module.
System...
[   17.284842] RPC: Registered tcp transport module.
[   17.285533] RPC: Registered tcp NFSv4.1 backchannel transport module.
[   17.296844] systemd[1]: Starting Load Kernel Modules...
[   17.484358] Loading iSCSI transport class v2.0-870.
         Startin[   17.629538] iscsi: registered transport (tcp)
g Load Kernel Modules...
[   17.763893] iscsi: registered transport (iser)
[   17.888759] systemd[1]: Mounting POSIX Message Queue File System...
         Mounting POSIX Message Queue File System...
[   18.002122] systemd[1]: Starting Create list of required static device nodes for the current kernel...
         Starting Create list of required st... nodes for the current kernel...
[   18.006608] systemd[1]: Mounting Debug File System...
         Mounting Debug File System...
[   18.008753] systemd[1]: Mounting Huge Pages File System...
         Mounting Huge Pages File System...
[   18.172846] systemd[1]: Reached target Slices.
[[0;32m  OK  [0m] Reached target Slices.
[   18.324895] systemd[1]: Starting Journal Service...
         Starting Journal Service...
[   18.457264] systemd[1]: Starting Nameserver information manager...
         Starting Nameserver information manager...
[   18.480892] systemd[1]: Starting Uncomplicated firewall...
         Starting Uncomplicated firewall...
[   18.487405] systemd[1]: Starting Set console keymap...
         Starting Set console keymap...
[   18.495972] systemd[1]: Created slice system-serial\x2dgetty.slice.
[[0;32m  OK  [0m] Created slice system-serial\x2dgetty.slice.
[   18.516819] systemd[1]: Starting Remount Root and Kernel File Systems...
[   18.526560] random: nonblocking pool is initialized
         [   18.563532] EXT4-fs (sda1): re-mounted. Opts: (null)
Starting Remount Root and Kernel File Systems...
[   18.608852] systemd[1]: Listening on Device-mapper event daemon FIFOs.
[[0;32m  OK  [0m] Listening on Device-mapper event daemon FIFOs.
[   18.632820] systemd[1]: Starting Monitoring of LVM2 mirrors, snapshots etc. using dmeventd or progress polling...
         Starting Monitoring of LVM2 mirrors... dmeventd or progress polling...
[   18.777466] systemd[1]: Mounted RPC Pipe File System.
[[0;32m  OK  [0m] Mounted RPC Pipe File System.
[   18.844854] systemd[1]: Mounted POSIX Message Queue File System.
[[0;32m  OK  [0m] Mounted POSIX Message Queue File System.
[   18.910620] systemd[1]: Mounted Huge Pages File System.
[[0;32m  OK  [0m] Mounted Huge Pages File System.
[   18.912034] systemd[1]: Mounted Debug File System.
[[0;32m  OK  [0m] Mounted Debug File System.
[   18.940857] systemd[1]: Started Journal Service.
[[0;32m  OK  [0m] Started Journal Service.
[[0;32m  OK  [0m] Started Load Kernel Modules.
[[0;32m  OK  [0m] Started Create list of required sta...ce nodes for the current kernel.
[[0;32m  OK  [0m] Started Uncomplicated firewall.
[[0;32m  OK  [0m] Started Set console keymap.
[[0;32m  OK  [0m] Started Remount Root and Kernel File Systems.
[[0;32m  OK  [0m] Started Nameserver information manager.
[[0;32m  OK  [0m] Started LVM2 metadata daemon.
         Starting Load/Save Random Seed...
         Starting udev Coldplug all Devices...
         Starting Initial cloud-init job (pre-networking)...
         Starting Create Static Device Nodes in /dev...
         Mounting FUSE Control File System...
         Starting Apply Kernel Variables...
         Starting Flush Journal to Persistent Storage...
[[0;32m  OK  [0m] Mounted FUSE Control File System.
[[0;32m  OK  [0m] Started Load/Save Random Seed.
[[0;32m  OK  [0m] Started Create Static Device Nodes in /dev.
[[0;32m  OK  [0m] Started Apply Kernel Variables.
[[0;32m  OK  [0m] Started udev Coldplug all Devices.
[[0;32m  OK  [0m] Started Flush Journal to Persistent Storage.
         Starting udev Kernel Device Manager...
[[0;32m  OK  [0m] Started udev Kernel Device Manager.
[[0;32m  OK  [0m] Started Dispatch Password Requests to Console Directory Watch.
[[0;32m  OK  [0m] Found device /dev/ttyS0.
[[0;32m  OK  [0m] Started Monitoring of LVM2 mirrors,...ng dmeventd or progress polling.
[[0;32m  OK  [0m] Reached target Local File Systems (Pre).
[[0;32m  OK  [0m] Reached target Local File Systems.
         Starting Set console font and keymap...
         Starting Preprocess NFS configuration...
         Starting Create Volatile Files and Directories...
         Starting Tell Plymouth To Write Out Runtime Data...
         Starting LSB: AppArmor initialization...
[[0;32m  OK  [0m] Started Preprocess NFS configuration.
[[0;32m  OK  [0m] Reached target NFS client services.
[[0;32m  OK  [0m] Started Create Volatile Files and Directories.
[[0;32m  OK  [0m] Started Tell Plymouth To Write Out Runtime Data.
[[0;32m  OK  [0m] Reached target System Time Synchronized.
         Starting Update UTMP about System Boot/Shutdown...
[[0;32m  OK  [0m] Started Update UTMP about System Boot/Shutdown.
[[0;32m  OK  [0m] Started LSB: AppArmor initialization.
[[0;32m  OK  [0m] Listening on Load/Save RF Kill Switch Status /dev/rfkill Watch.
[[0;32m  OK  [0m] Found device 82540EM Gigabit Ethern...r (PRO/1000 MT Desktop Adapter).
[[0;32m  OK  [0m] Found device 82540EM Gigabit Ethern...r (PRO/1000 MT Desktop Adapter).
[   15.450500] cloud-init[450]: Cloud-init v. 0.7.9 running 'init-local' at Tue, 20 Jun 2017 11:19:25 +0000. Up 15.23 seconds.
[[0;32m  OK  [0m] Started Initial cloud-init job (pre-networking).
[[0;32m  OK  [0m] Reached target Network (Pre).
[[0;32m  OK  [0m] Started ifup for enp0s8.
         Starting Raise network interfaces...
[[0;32m  OK  [0m] Started ifup for enp0s3.
[[0;32m  OK  [0m] Started Set console font and keymap.
[[0;32m  OK  [0m] Created slice system-getty.slice.
[[0;32m  OK  [0m] Started Raise network interfaces.
[[0;32m  OK  [0m] Reached target Network.
         Starting Initial cloud-init job (metadata service crawler)...
[   18.509026] cloud-init[1053]: Cloud-init v. 0.7.9 running 'init' at Tue, 20 Jun 2017 11:19:28 +0000. Up 18.33 seconds.
[   18.612279] cloud-init[1053]: ci-info: ++++++++++++++++++++++++++++++++++++++Net device info++++++++++++++++++++++++++++++++++++++
[[0;32m  OK  [0m] Started Initial cloud-init job (metadata service crawler).
[   18.612531] cloud-init[1053]: ci-info: +--------+------+-----------------------------+---------------+-------+-------------------+
[   18.836188] cloud-init[1053]: ci-info: | Device |  Up  |           Address           |      Mask     | Scope |     Hw-Address    |
[[0;32m  OK  [0m] Reached target Network is Online.
[   18.836465] cloud-init[1053]: ci-info: +--------+------+-----------------------------+---------------+-------+-------------------+
[   19.002473] cloud-init[1053]: ci-info: | enp0s3 | True |          10.0.2.15          | 255.255.255.0 |   .   | 02:1f:97:0f:e2:73 |
[   19.012187] cloud-init[1053]: ci-info: | enp0s3 | True |  fe80::1f:97ff:fe0f:e273/64 |       .       |  link | 02:1f:97:0f:e2:73 |
[   19.013318] cloud-init[1053]: ci-info: | enp0s8 | True |        192.168.88.225       | 255.255.255.0 |   .   | 08:00:27:c7:11:7e |
[   19.021023] cloud-init[1053]: ci-info: | enp0s8 | True | fe80::a00:27ff:fec7:117e/64 |       .       |  link | 08:00:27:c7:11:7e |
         Starting iSCSI initiator daemon (iscsid)...
[[   19.021306] cloud-init[1053]: ci-info: |   lo   | True |          127.0.0.1          |   255.0.0.0   |   .   |         .         |
[0;32m  OK  [0m] Reached target System Initialization.
[   19.030128] cloud-init[1053]: ci-info: |   lo   | True |           ::1/128           |       .       |  host |         .         |
[   19.236196] cloud-init[1053]: ci-info: +--------+------+-----------------------------+---------------+-------+-------------------+
[[0;32m  OK  [0m] Started ACPI Events Check.
[   19.236479] cloud-init[1053]: ci-info: ++++++++++++++++++++++++++++Route IPv4 info++++++++++++++++++++++++++++
[[0;32m  OK  [0m] Reached target Paths.
[[   19.355076] cloud-init[1053]: ci-info: +-------+--------------+----------+---------------+-----------+-------+
[0;32m  OK  [0m] Listening on RPCbind Server Activation Socket.
[[   19.468524] cloud-init[1053]: ci-info: | Route | Destination  | Gateway  |    Genmask    | Interface | Flags |
[   19.541351] cloud-init[1053]: ci-info: +-------+--------------+----------+---------------+-----------+-------+
[   19.541483] cloud-init[1053]: ci-info: |   0   |   0.0.0.0    | 10.0.2.2 |    0.0.0.0    |   enp0s3  |   UG  |
[   19.541624] cloud-init[1053]: ci-info: |   1   |   10.0.2.0   | 0.0.0.0  | 255.255.255.0 |   enp0s3  |   U   |
[   19.541769] cloud-init[1053]: ci-info: |   2   | 192.168.88.0 | 0.0.0.0  | 255.255.255.0 |   enp0s8  |   U   |
[   19.541913] cloud-init[1053]: ci-info: +-------+--------------+----------+---------------+-----------+-------+
[0;32m  OK  [0m] Listening on D-Bus System Message Bus Socket.
         Starting LXD - unix socket.
[[0;32m  OK  [0m] Listening on UUID daemon activation socket.
[[0;32m  OK  [0m] Started Timer to automatically refresh installed snaps.
[[0;32m  OK  [0m] Listening on ACPID Listen Socket.
[[0;32m  OK  [0m] Started Daily apt activities.
         Starting Socket activation for snappy daemon.
[[0;32m  OK  [0m] Started Daily Cleanup of Temporary Directories.
[[0;32m  OK  [0m] Reached target Timers.
[[0;32m  OK  [0m] Reached target Cloud-config availability.
[[0;32m  OK  [0m] Listening on LXD - unix socket.
[[0;32m  OK  [0m] Listening on Socket activation for snappy daemon.
[[0;32m  OK  [0m] Started iSCSI initiator daemon (iscsid).
         Starting Login to default iSCSI targets...
[[0;32m  OK  [0m] Reached target Sockets.
[[0;32m  OK  [0m] Reached target Basic System.
         Starting Login Service...
         Starting The PHP 7.0 FastCGI Process Manager...
         Starting LSB: Record successful boot for GRUB...
         Starting OpenBSD Secure Shell server...
[[0;32m  OK  [0m] Started Regular background program processing daemon.
         Starting Apply the settings specified in cloud-config...
         Starting LXD - container startup/shutdown...
[[0;32m  OK  [0m] Started Deferred execution scheduler.
[[0;32m  OK  [0m] Started ACPI event daemon.
[[0;32m  OK  [0m] Started Unattended Upgrades Shutdown.
         Starting LSB: MD monitoring daemon...
[[0;32m  OK  [0m] Started FUSE filesystem for LXC.
         Starting System Logging Service...
         Starting /etc/rc.local Compatibility...
         Starting Accounts Service...
[[0;32m  OK  [0m] Started Snappy daemon.
         Starting Auto import assertions from block devices...
[[0;32m  OK  [0m] Started D-Bus System Message Bus.
[[0;32m  OK  [0m] Started OpenBSD Secure Shell server.
[[0;32m  OK  [0m] Started System Logging Service.
[[0;32m  OK  [0m] Started /etc/rc.local Compatibility.
[[0;32m  OK  [0m] Started Auto import assertions from block devices.
[[0;32m  OK  [0m] Started LXD - container startup/shutdown.
[[0;32m  OK  [0m] Started Login to default iSCSI targets.
[[0;32m  OK  [0m] Started LSB: Record successful boot for GRUB.
[[0;32m  OK  [0m] Started LSB: MD monitoring daemon.
[   19.999370] cloud-init[1127]: Cloud-init v. 0.7.9 running 'modules:config' at Tue, 20 Jun 2017 11:19:30 +0000. Up 19.93 seconds.
[[0;32m  OK  [0m] Started Apply the settings specified in cloud-config.
[[0;32m  OK  [0m] Started The PHP 7.0 FastCGI Process Manager.
[[0;32m  OK  [0m] Started Login Service.
         Starting Authenticate and Authorize Users to Run Privileged Tasks...
[[0;32m  OK  [0m] Reached target Remote File Systems (Pre).
[[0;32m  OK  [0m] Reached target Remote File Systems.
         Starting LSB: automatic crash report generation...
         Starting LSB: daemon to balance interrupts for SMP systems...
         Starting LSB: Set the CPU Frequency Scaling governor to "ondemand"...
         Starting LSB: Start and stop the mysql database server daemon...
         Starting LSB: Apache2 web server...
         Starting Permit User Sessions...
         Starting LSB: VirtualBox Linux Additions...
[[0;32m  OK  [0m] Started Authenticate and Authorize Users to Run Privileged Tasks.
[[0;32m  OK  [0m] Started Accounts Service.
[[0;32m  OK  [0m] Started Permit User Sessions.
[[0;32m  OK  [0m] Started LSB: Set the CPU Frequency Scaling governor to "ondemand".
[[0;32m  OK  [0m] Started LSB: daemon to balance interrupts for SMP systems.
         Starting Hold until boot process finishes up...
         Starting Terminate Plymouth Boot Screen...
[[0;32m  OK  [0m] Started LSB: automatic crash report generation.
[[0;32m  OK  [0m] Started Hold until boot process finishes up.
[[0;32m  OK  [0m] Started Terminate Plymouth Boot Screen.
         Starting Set console scheme...
[[0;32m  OK  [0m] Started Getty on tty1.
[[0;32m  OK  [0m] Started Serial Getty on ttyS0.
[[0;32m  OK  [0m] Reached target Login Prompts.
[[0;32m  OK  [0m] Started Set console scheme.
[[0;32m  OK  [0m] Started LSB: VirtualBox Linux Additions.
[[0;32m  OK  [0m] Started LSB: Apache2 web server.
[[0;32m  OK  [0m] Started LSB: Start and stop the mysql database server daemon.
[[0;32m  OK  [0m] Reached target Multi-User System.
         Starting Execute cloud user/final scripts...
[[0;32m  OK  [0m] Reached target Graphical Interface.
         Starting Update UTMP about System Runlevel Changes...
[[0;32m  OK  [0m] Started Update UTMP about System Runlevel Changes.
[   21.722537] cloud-init[1557]: Cloud-init v. 0.7.9 running 'modules:final' at Tue, 20 Jun 2017 11:19:31 +0000. Up 21.64 seconds.
[   21.724222] cloud-init[1557]: Cloud-init v. 0.7.9 finished at Tue, 20 Jun 2017 11:19:31 +0000. Datasource DataSourceNoCloud [seed=/dev/sdb][dsmode=net].  Up 21.71 seconds
[[0;32m  OK  [0m] Started Execute cloud user/final scripts.
[[0;32m  OK  [0m] Reached target Cloud-init target.

Ubuntu 16.04.2 LTS ubuntu-xenial ttyS0

ubuntu-xenial login: 